<?xml version="1.0" encoding="UTF-8"?>
<!-- Generated by org.testng.reporters.JUnitReportReporter -->
<testsuite skipped="0" hostname="DESKTOP-3GNVT0U" name="com.qa.testcases.SubscriptionManagement" tests="3" failures="0" timestamp="07 Apr 2021 11:22:31 GMT" time="1879.664" errors="0">
  <testcase name="Billing" time="244.161" classname="com.qa.testcases.SubscriptionManagement"/>
  <testcase name="Subscription" time="1303.572" classname="com.qa.testcases.SubscriptionManagement"/>
  <testcase name="cancel" time="331.931" classname="com.qa.testcases.SubscriptionManagement"/>
</testsuite> <!-- com.qa.testcases.SubscriptionManagement -->
